<?xml version="1.0" encoding="UTF-8"?>
<!-- Generated by org.testng.reporters.JUnitReportReporter -->
<testsuite hostname="LAPTOP-0I64B6UJ" failures="0" tests="1" name="TestNg_Practice.sample19_parallel" time="62.441" errors="0" timestamp="2023-01-02T21:06:34 IST" skipped="0">
  <testcase classname="TestNg_Practice.sample19_parallel" name="OpenInstagramApp" time="62.441"/>
  <system-out/>
</testsuite> <!-- TestNg_Practice.sample19_parallel -->
