<?xml version="1.0" encoding="UTF-8"?>
<!-- Generated by org.testng.reporters.JUnitReportReporter -->
<testsuite hostname="LAPTOP-0I64B6UJ" failures="0" tests="2" name="TestNG.sample1_include" time="0.011" errors="0" timestamp="2022-12-30T01:17:53 IST" skipped="0">
  <testcase classname="TestNG.sample1_include" name="TC1" time="0.009"/>
  <system-out/>
  <testcase classname="TestNG.sample1_include" name="TC2" time="0.002"/>
  <system-out/>
</testsuite> <!-- TestNG.sample1_include -->
