<?xml version="1.0" encoding="UTF-8"?>
<!-- Generated by org.testng.reporters.JUnitReportReporter -->
<testsuite hostname="LAPTOP-0I64B6UJ" failures="0" tests="5" name="TestNG.sample4_Annotations" time="0.026" errors="0" timestamp="2022-12-29T20:29:41 IST" skipped="0">
  <testcase classname="TestNG.sample4_Annotations" name="loginToApp" time="0.008"/>
  <system-out>
    <![CDATA[login To App]]>
  </system-out>
  <testcase classname="TestNG.sample4_Annotations" name="verifyUSerID1" time="0.005"/>
  <system-out>
    <![CDATA[--running verify UserID1 TC--]]>
  </system-out>
  <testcase classname="TestNG.sample4_Annotations" name="verifyUserID3" time="0.004"/>
  <system-out>
    <![CDATA[--running verify UserID3 TC--]]>
  </system-out>
  <testcase classname="TestNG.sample4_Annotations" name="verifyUserID4" time="0.006"/>
  <system-out>
    <![CDATA[--running verify UserID4 TC--]]>
  </system-out>
  <testcase classname="TestNG.sample4_Annotations" name="verifyUserID2" time="0.003"/>
  <system-out>
    <![CDATA[--running verify UserID2 TC--]]>
  </system-out>
</testsuite> <!-- TestNG.sample4_Annotations -->
