<?xml version="1.0" encoding="UTF-8"?>
<!-- Generated by org.testng.reporters.JUnitReportReporter -->
<testsuite hostname="LAPTOP-0I64B6UJ" failures="0" tests="3" name="TestNG.sample9_keyword2_enabled" time="0.023" errors="0" timestamp="2022-12-28T21:02:21 IST" skipped="1">
  <testcase classname="TestNG.sample9_keyword2_enabled" name="verifyUserID3" time="0.004"/>
  <system-out>
    <![CDATA[--Running Verify UserID3 TC]]>
  </system-out>
  <testcase classname="TestNG.sample9_keyword2_enabled" name="verifyUserID1" time="0.019"/>
  <system-out>
    <![CDATA[--Running Verify UserID1 TC]]>
  </system-out>
  <testcase classname="TestNG.sample9_keyword2_enabled" name="verifyUserID2">
    <skipped/>
  </testcase> <!-- verifyUserID2 -->
  <system-out/>
</testsuite> <!-- TestNG.sample9_keyword2_enabled -->
