<?xml version="1.0" encoding="UTF-8"?>
<!-- Generated by org.testng.reporters.JUnitReportReporter -->
<testsuite hostname="LAPTOP-0I64B6UJ" failures="0" tests="1" name="TestNg_Practice.sample11_assertFalse" time="0.013" errors="0" timestamp="2022-12-30T20:23:24 IST" skipped="0">
  <testcase classname="TestNg_Practice.sample11_assertFalse" name="TestCase1" time="0.013"/>
  <system-out/>
</testsuite> <!-- TestNg_Practice.sample11_assertFalse -->
