<?xml version="1.0" encoding="UTF-8"?>
<!-- Generated by org.testng.reporters.JUnitReportReporter -->
<testsuite hostname="LAPTOP-0I64B6UJ" failures="0" tests="1" name="TestNG.sample11" time="0.002" errors="0" timestamp="2022-12-30T00:53:58 IST" skipped="0">
  <testcase classname="TestNG.sample11" name="TC2" time="0.002"/>
  <system-out/>
</testsuite> <!-- TestNG.sample11 -->
