<?xml version="1.0" encoding="UTF-8"?>
<!-- Generated by org.testng.reporters.JUnitReportReporter -->
<testsuite hostname="LAPTOP-0I64B6UJ" failures="0" tests="2" name="TestNG.sample32_parallel2" time="56.262" errors="0" timestamp="2023-01-31T23:57:24 IST" skipped="0">
  <testcase classname="TestNG.sample32_parallel2" name="facebookApp" time="17.544"/>
  <system-out/>
  <testcase classname="TestNG.sample32_parallel2" name="facebookApp" time="38.718"/>
  <system-out/>
</testsuite> <!-- TestNG.sample32_parallel2 -->
