<?xml version="1.0" encoding="UTF-8"?>
<!-- Generated by org.testng.reporters.JUnitReportReporter -->
<testsuite hostname="LAPTOP-0I64B6UJ" failures="0" tests="2" name="TestNG.sample8_keyword1_invocationCount" time="0.017" errors="0" timestamp="2022-12-28T20:58:39 IST" skipped="0">
  <testcase classname="TestNG.sample8_keyword1_invocationCount" name="verifyFont" time="0.002"/>
  <system-out>
    <![CDATA[--Running Verify Font]]>
  </system-out>
  <testcase classname="TestNG.sample8_keyword1_invocationCount" name="verifyFont" time="0.015"/>
  <system-out>
    <![CDATA[--Running Verify Font]]>
  </system-out>
</testsuite> <!-- TestNG.sample8_keyword1_invocationCount -->
