<?xml version="1.0" encoding="UTF-8"?>
<!-- Generated by org.testng.reporters.JUnitReportReporter -->
<testsuite hostname="LAPTOP-0I64B6UJ" failures="0" tests="3" name="TestNg_Practice.sample17_grouping" time="0.010" errors="0" timestamp="2023-01-02T20:57:32 IST" skipped="0">
  <testcase classname="TestNg_Practice.sample17_grouping" name="FirstName" time="0.002"/>
  <system-out>
    <![CDATA[Anuja]]>
  </system-out>
  <testcase classname="TestNg_Practice.sample17_grouping" name="city" time="0.004"/>
  <system-out>
    <![CDATA[Panaji]]>
  </system-out>
  <testcase classname="TestNg_Practice.sample17_grouping" name="LastName" time="0.004"/>
  <system-out>
    <![CDATA[Dixit]]>
  </system-out>
</testsuite> <!-- TestNg_Practice.sample17_grouping -->
