<?xml version="1.0" encoding="UTF-8"?>
<!-- Generated by org.testng.reporters.JUnitReportReporter -->
<testsuite hostname="LAPTOP-0I64B6UJ" failures="0" tests="2" name="POM_With_DDF_TestNG1.facebookLoginTest" time="17.981" errors="0" timestamp="2023-01-06T00:45:06 IST" skipped="0">
  <testcase classname="POM_With_DDF_TestNG1.facebookLoginTest" name="verifyUserID" time="9.906"/>
  <system-out>
    <![CDATA[runnig very UserID TC]]>
  </system-out>
  <testcase classname="POM_With_DDF_TestNG1.facebookLoginTest" name="verifyUserID" time="8.075"/>
  <system-out>
    <![CDATA[runnig very UserID TC]]>
  </system-out>
</testsuite> <!-- POM_With_DDF_TestNG1.facebookLoginTest -->
