<?xml version="1.0" encoding="UTF-8"?>
<!-- Generated by org.testng.reporters.JUnitReportReporter -->
<testsuite hostname="LAPTOP-0I64B6UJ" failures="0" tests="2" name="POM_With_DDF3.facebookLoginTest" time="16.459" errors="0" timestamp="2023-01-04T21:37:15 IST" skipped="0">
  <testcase classname="POM_With_DDF3.facebookLoginTest" name="verifyUserID" time="8.187"/>
  <system-out>
    <![CDATA[runnig very UserID TC]]>
  </system-out>
  <testcase classname="POM_With_DDF3.facebookLoginTest" name="verifyUserID" time="8.272"/>
  <system-out>
    <![CDATA[runnig very UserID TC]]>
  </system-out>
</testsuite> <!-- POM_With_DDF3.facebookLoginTest -->
