<?xml version="1.0" encoding="UTF-8"?>
<!-- Generated by org.testng.reporters.JUnitReportReporter -->
<testsuite hostname="LAPTOP-0I64B6UJ" failures="0" tests="2" name="TestNg_Practice.sample14_exclude" time="0.008" errors="0" timestamp="2023-01-02T20:41:53 IST" skipped="0">
  <testcase classname="TestNg_Practice.sample14_exclude" name="state" time="0.006"/>
  <system-out>
    <![CDATA[Maharashtra]]>
  </system-out>
  <testcase classname="TestNg_Practice.sample14_exclude" name="country" time="0.002"/>
  <system-out>
    <![CDATA[India]]>
  </system-out>
</testsuite> <!-- TestNg_Practice.sample14_exclude -->
