<?xml version="1.0" encoding="UTF-8"?>
<!-- Generated by org.testng.reporters.JUnitReportReporter -->
<testsuite hostname="LAPTOP-0I64B6UJ" failures="0" tests="6" name="TestNg_Practice.sample5_keyword3_priority" time="0.022" errors="0" timestamp="2022-12-30T12:47:42 IST" skipped="0">
  <testcase classname="TestNg_Practice.sample5_keyword3_priority" name="TestCase6" time="0.012"/>
  <system-out>
    <![CDATA[running Test Case6]]>
  </system-out>
  <testcase classname="TestNg_Practice.sample5_keyword3_priority" name="TestCase2" time="0.001"/>
  <system-out>
    <![CDATA[running Test Case2]]>
  </system-out>
  <testcase classname="TestNg_Practice.sample5_keyword3_priority" name="TestCase4" time="0.003"/>
  <system-out>
    <![CDATA[running Test Case4]]>
  </system-out>
  <testcase classname="TestNg_Practice.sample5_keyword3_priority" name="TestCase5" time="0.003"/>
  <system-out>
    <![CDATA[running Test Case5]]>
  </system-out>
  <testcase classname="TestNg_Practice.sample5_keyword3_priority" name="TestCase1" time="0.002"/>
  <system-out>
    <![CDATA[running Test Case1]]>
  </system-out>
  <testcase classname="TestNg_Practice.sample5_keyword3_priority" name="TestCase3" time="0.001"/>
  <system-out>
    <![CDATA[running Test Case3]]>
  </system-out>
</testsuite> <!-- TestNg_Practice.sample5_keyword3_priority -->
