<?xml version="1.0" encoding="UTF-8"?>
<!-- Generated by org.testng.reporters.JUnitReportReporter -->
<testsuite hostname="LAPTOP-0I64B6UJ" failures="0" tests="2" name="TestNg_Practice.sample13_include" time="0.006" errors="0" timestamp="2023-01-02T20:35:15 IST" skipped="0">
  <testcase classname="TestNg_Practice.sample13_include" name="multiplication" time="0.002"/>
  <system-out>
    <![CDATA[multiplication=320]]>
  </system-out>
  <testcase classname="TestNg_Practice.sample13_include" name="division" time="0.004"/>
  <system-out>
    <![CDATA[division=25]]>
  </system-out>
</testsuite> <!-- TestNg_Practice.sample13_include -->
