<?xml version="1.0" encoding="UTF-8"?>
<!-- Generated by org.testng.reporters.JUnitReportReporter -->
<testsuite hostname="LAPTOP-0I64B6UJ" failures="0" tests="1" name="TestNG.sample24_AssertClass1_assertFalse" time="0.015" errors="0" timestamp="2022-12-29T20:40:36 IST" skipped="0">
  <testcase classname="TestNG.sample24_AssertClass1_assertFalse" name="TC1" time="0.015"/>
  <system-out/>
</testsuite> <!-- TestNG.sample24_AssertClass1_assertFalse -->
