<?xml version="1.0" encoding="UTF-8"?>
<!-- Generated by org.testng.reporters.JUnitReportReporter -->
<testsuite hostname="LAPTOP-0I64B6UJ" failures="0" tests="2" name="TestNG.sample31_parallel1" time="44.473" errors="0" timestamp="2023-01-31T23:57:24 IST" skipped="0">
  <testcase classname="TestNG.sample31_parallel1" name="KiteApp" time="23.943"/>
  <system-out/>
  <testcase classname="TestNG.sample31_parallel1" name="KiteApp" time="20.530"/>
  <system-out/>
</testsuite> <!-- TestNG.sample31_parallel1 -->
