<?xml version="1.0" encoding="UTF-8"?>
<!-- Generated by org.testng.reporters.JUnitReportReporter -->
<testsuite hostname="LAPTOP-0I64B6UJ" failures="0" tests="3" name="TestNg_Practice.sample1_Emailable_Report" time="0.014" errors="0" timestamp="2022-12-30T12:12:05 IST" skipped="0">
  <testcase classname="TestNg_Practice.sample1_Emailable_Report" name="TestCase3" time="0.002"/>
  <system-out>
    <![CDATA[division=4]]>
  </system-out>
  <testcase classname="TestNg_Practice.sample1_Emailable_Report" name="TestCase2" time="0.002"/>
  <system-out>
    <![CDATA[subtraction=20]]>
  </system-out>
  <testcase classname="TestNg_Practice.sample1_Emailable_Report" name="TestCase1" time="0.010"/>
  <system-out>
    <![CDATA[sum=50]]>
  </system-out>
</testsuite> <!-- TestNg_Practice.sample1_Emailable_Report -->
