<?xml version="1.0" encoding="UTF-8"?>
<!-- Generated by org.testng.reporters.JUnitReportReporter -->
<testsuite hostname="LAPTOP-0I64B6UJ" failures="0" tests="3" name="TestNG.sample11_keyword3_priority1" time="0.014" errors="0" timestamp="2022-12-29T20:09:23 IST" skipped="0">
  <testcase classname="TestNG.sample11_keyword3_priority1" name="TC2" time="0.012"/>
  <system-out>
    <![CDATA[running TC2]]>
  </system-out>
  <testcase classname="TestNG.sample11_keyword3_priority1" name="TC3" time="0.001"/>
  <system-out>
    <![CDATA[running TC3]]>
  </system-out>
  <testcase classname="TestNG.sample11_keyword3_priority1" name="TC1" time="0.001"/>
  <system-out>
    <![CDATA[running TC1]]>
  </system-out>
</testsuite> <!-- TestNG.sample11_keyword3_priority1 -->
