<?xml version="1.0" encoding="UTF-8"?>
<!-- Generated by org.testng.reporters.JUnitReportReporter -->
<testsuite hostname="LAPTOP-0I64B6UJ" failures="0" tests="3" name="TestNg_Practice.sample21_MultiBrowser_Testing" time="97.766" errors="0" timestamp="2023-01-01T00:54:32 IST" skipped="0">
  <testcase classname="TestNg_Practice.sample21_MultiBrowser_Testing" name="TestCase" time="34.215"/>
  <system-out/>
  <testcase classname="TestNg_Practice.sample21_MultiBrowser_Testing" name="TestCase" time="40.560"/>
  <system-out/>
  <testcase classname="TestNg_Practice.sample21_MultiBrowser_Testing" name="TestCase" time="22.991"/>
  <system-out/>
</testsuite> <!-- TestNg_Practice.sample21_MultiBrowser_Testing -->
