<?xml version="1.0" encoding="UTF-8"?>
<!-- Generated by org.testng.reporters.JUnitReportReporter -->
<testsuite hostname="LAPTOP-0I64B6UJ" failures="0" tests="4" name="TestNG.sample5_Annotations" time="0.019" errors="0" timestamp="2022-12-29T20:25:20 IST" skipped="0">
  <testcase classname="TestNG.sample5_Annotations" name="verifyUserID2" time="0.009"/>
  <system-out>
    <![CDATA[--Running_Verify_UserID2_TC]]>
  </system-out>
  <testcase classname="TestNG.sample5_Annotations" name="verifyUserID4" time="0.002"/>
  <system-out>
    <![CDATA[--Running_Verify_UserID4_TC]]>
  </system-out>
  <testcase classname="TestNG.sample5_Annotations" name="verifyUserID3" time="0.003"/>
  <system-out>
    <![CDATA[--Running_Verify_UserID3_TC]]>
  </system-out>
  <testcase classname="TestNG.sample5_Annotations" name="verifyUserID1" time="0.005"/>
  <system-out>
    <![CDATA[--Running Verify UserID1 TC]]>
  </system-out>
</testsuite> <!-- TestNG.sample5_Annotations -->
