<?xml version="1.0" encoding="UTF-8"?>
<!-- Generated by org.testng.reporters.JUnitReportReporter -->
<testsuite hostname="LAPTOP-0I64B6UJ" failures="0" tests="2" name="POM_DDF_TestNG_BaseClass_UtilityClass_PropertyFile_CaptureSSofOnlyFailedTCes.instagramTestClass" time="32.899" errors="0" timestamp="2023-01-08T17:36:35 IST" skipped="0">
  <testcase classname="POM_DDF_TestNG_BaseClass_UtilityClass_PropertyFile_CaptureSSofOnlyFailedTCes.instagramTestClass" name="verifyUserID" time="17.756"/>
  <system-out>
    <![CDATA[running verifyUserID TC]]>
  </system-out>
  <testcase classname="POM_DDF_TestNG_BaseClass_UtilityClass_PropertyFile_CaptureSSofOnlyFailedTCes.instagramTestClass" name="verify_Name" time="15.143"/>
  <system-out>
    <![CDATA[running verify_Name TC]]>
  </system-out>
</testsuite> <!-- POM_DDF_TestNG_BaseClass_UtilityClass_PropertyFile_CaptureSSofOnlyFailedTCes.instagramTestClass -->
