<?xml version="1.0" encoding="UTF-8"?>
<!-- Generated by org.testng.reporters.JUnitReportReporter -->
<testsuite hostname="LAPTOP-0I64B6UJ" failures="0" tests="2" name="TestNg_Practice.sample15_exclude" time="0.019" errors="0" timestamp="2023-01-02T20:41:53 IST" skipped="0">
  <testcase classname="TestNg_Practice.sample15_exclude" name="country" time="0.017"/>
  <system-out>
    <![CDATA[USA]]>
  </system-out>
  <testcase classname="TestNg_Practice.sample15_exclude" name="state" time="0.002"/>
  <system-out>
    <![CDATA[Florida]]>
  </system-out>
</testsuite> <!-- TestNg_Practice.sample15_exclude -->
