<?xml version="1.0" encoding="UTF-8"?>
<!-- Generated by org.testng.reporters.JUnitReportReporter -->
<testsuite hostname="LAPTOP-0I64B6UJ" failures="0" tests="6" name="TestNg_Practice.sample23_MultiBrowser_Testing" time="52.353" errors="0" timestamp="2023-01-09T01:08:41 IST" skipped="0">
  <testcase classname="TestNg_Practice.sample23_MultiBrowser_Testing" name="openBrowser" time="17.636"/>
  <system-out/>
  <testcase classname="TestNg_Practice.sample23_MultiBrowser_Testing" name="openBrowser" time="17.636"/>
  <system-out/>
  <testcase classname="TestNg_Practice.sample23_MultiBrowser_Testing" name="openFacebookApp" time="3.122"/>
  <system-out/>
  <testcase classname="TestNg_Practice.sample23_MultiBrowser_Testing" name="openFacebookApp" time="7.488"/>
  <system-out/>
  <testcase classname="TestNg_Practice.sample23_MultiBrowser_Testing" name="closeBrowser" time="2.476"/>
  <system-out/>
  <testcase classname="TestNg_Practice.sample23_MultiBrowser_Testing" name="closeBrowser" time="3.995"/>
  <system-out/>
</testsuite> <!-- TestNg_Practice.sample23_MultiBrowser_Testing -->
