<?xml version="1.0" encoding="UTF-8"?>
<!-- Generated by org.testng.reporters.JUnitReportReporter -->
<testsuite hostname="LAPTOP-0I64B6UJ" failures="0" tests="4" name="TestNg_Practice.sample4_keyword2_enabled" time="0.022" errors="0" timestamp="2022-12-30T12:40:28 IST" skipped="2">
  <testcase classname="TestNg_Practice.sample4_keyword2_enabled" name="TestCase1" time="0.020"/>
  <system-out>
    <![CDATA[running Test Case1]]>
  </system-out>
  <testcase classname="TestNg_Practice.sample4_keyword2_enabled" name="TestCase3" time="0.002"/>
  <system-out>
    <![CDATA[running Test Case3]]>
  </system-out>
  <testcase classname="TestNg_Practice.sample4_keyword2_enabled" name="TestCase2">
    <skipped/>
  </testcase> <!-- TestCase2 -->
  <system-out/>
  <testcase classname="TestNg_Practice.sample4_keyword2_enabled" name="TestCase4">
    <skipped/>
  </testcase> <!-- TestCase4 -->
  <system-out/>
</testsuite> <!-- TestNg_Practice.sample4_keyword2_enabled -->
