<?xml version="1.0" encoding="UTF-8"?>
<!-- Generated by org.testng.reporters.JUnitReportReporter -->
<testsuite hostname="LAPTOP-0I64B6UJ" failures="0" tests="1" name="POM_DDF_TestNG_BaseClass_UtilityClass3.instagramTestClass" time="24.745" errors="0" timestamp="2023-01-08T11:08:23 IST" skipped="0">
  <testcase classname="POM_DDF_TestNG_BaseClass_UtilityClass3.instagramTestClass" name="verifyUserID_Name" time="24.745"/>
  <system-out>
    <![CDATA[running verifyUserID_Name TC]]>
  </system-out>
</testsuite> <!-- POM_DDF_TestNG_BaseClass_UtilityClass3.instagramTestClass -->
