<?xml version="1.0" encoding="UTF-8"?>
<!-- Generated by org.testng.reporters.JUnitReportReporter -->
<testsuite hostname="LAPTOP-0I64B6UJ" failures="0" tests="1" name="TestNG.sample18_AssetClass1_assertEquals" time="0.041" errors="0" timestamp="2022-12-29T20:36:40 IST" skipped="0">
  <testcase classname="TestNG.sample18_AssetClass1_assertEquals" name="TC1" time="0.041"/>
  <system-out/>
</testsuite> <!-- TestNG.sample18_AssetClass1_assertEquals -->
