<?xml version="1.0" encoding="UTF-8"?>
<!-- Generated by org.testng.reporters.JUnitReportReporter -->
<testsuite hostname="LAPTOP-0I64B6UJ" failures="0" tests="7" name="TestNg_Practice.sample3_keyword1_invocationCount" time="0.029" errors="0" timestamp="2022-12-30T12:28:13 IST" skipped="0">
  <testcase classname="TestNg_Practice.sample3_keyword1_invocationCount" name="TestCase2" time="0.004"/>
  <system-out>
    <![CDATA[running TC2]]>
  </system-out>
  <testcase classname="TestNg_Practice.sample3_keyword1_invocationCount" name="TestCase2" time="0.001"/>
  <system-out>
    <![CDATA[running TC2]]>
  </system-out>
  <testcase classname="TestNg_Practice.sample3_keyword1_invocationCount" name="TestCase2" time="0.002"/>
  <system-out>
    <![CDATA[running TC2]]>
  </system-out>
  <testcase classname="TestNg_Practice.sample3_keyword1_invocationCount" name="TestCase3" time="0.002"/>
  <system-out>
    <![CDATA[running TC3]]>
  </system-out>
  <testcase classname="TestNg_Practice.sample3_keyword1_invocationCount" name="TestCase1" time="0.002"/>
  <system-out>
    <![CDATA[running TC1]]>
  </system-out>
  <testcase classname="TestNg_Practice.sample3_keyword1_invocationCount" name="TestCase1" time="0.017"/>
  <system-out>
    <![CDATA[running TC1]]>
  </system-out>
  <testcase classname="TestNg_Practice.sample3_keyword1_invocationCount" name="TestCase2" time="0.001"/>
  <system-out>
    <![CDATA[running TC2]]>
  </system-out>
</testsuite> <!-- TestNg_Practice.sample3_keyword1_invocationCount -->
