<?xml version="1.0" encoding="UTF-8"?>
<!-- Generated by org.testng.reporters.JUnitReportReporter -->
<testsuite hostname="LAPTOP-0I64B6UJ" failures="0" tests="2" name="TestNG.sample29_grouping1" time="0.017" errors="0" timestamp="2022-12-30T21:24:23 IST" skipped="0">
  <testcase classname="TestNG.sample29_grouping1" name="TC4" time="0.002"/>
  <system-out/>
  <testcase classname="TestNG.sample29_grouping1" name="TC3" time="0.015"/>
  <system-out/>
</testsuite> <!-- TestNG.sample29_grouping1 -->
