<?xml version="1.0" encoding="UTF-8"?>
<!-- Generated by org.testng.reporters.JUnitReportReporter -->
<testsuite hostname="LAPTOP-0I64B6UJ" failures="0" tests="6" name="TestNG.sample13_keyword3_priority3" time="0.025" errors="0" timestamp="2022-12-29T21:02:04 IST" skipped="0">
  <testcase classname="TestNG.sample13_keyword3_priority3" name="TC1" time="0.013"/>
  <system-out>
    <![CDATA[running TC1]]>
  </system-out>
  <testcase classname="TestNG.sample13_keyword3_priority3" name="TC3" time="0.003"/>
  <system-out>
    <![CDATA[running TC3]]>
  </system-out>
  <testcase classname="TestNG.sample13_keyword3_priority3" name="TC2" time="0.002"/>
  <system-out>
    <![CDATA[running TC2]]>
  </system-out>
  <testcase classname="TestNG.sample13_keyword3_priority3" name="TC4" time="0.004"/>
  <system-out>
    <![CDATA[running TC4]]>
  </system-out>
  <testcase classname="TestNG.sample13_keyword3_priority3" name="TC5" time="0.002"/>
  <system-out>
    <![CDATA[running TC5]]>
  </system-out>
  <testcase classname="TestNG.sample13_keyword3_priority3" name="TC6" time="0.001"/>
  <system-out>
    <![CDATA[running TC6]]>
  </system-out>
</testsuite> <!-- TestNG.sample13_keyword3_priority3 -->
