<?xml version="1.0" encoding="UTF-8"?>
<!-- Generated by org.testng.reporters.JUnitReportReporter -->
<testsuite hostname="LAPTOP-0I64B6UJ" failures="0" tests="5" name="TestNG.sample12_keyword3_priority2" time="0.024" errors="0" timestamp="2022-12-29T00:47:00 IST" skipped="0">
  <testcase classname="TestNG.sample12_keyword3_priority2" name="TC1" time="0.014"/>
  <system-out>
    <![CDATA[running TC1]]>
  </system-out>
  <testcase classname="TestNG.sample12_keyword3_priority2" name="TC2" time="0.001"/>
  <system-out>
    <![CDATA[running TC2]]>
  </system-out>
  <testcase classname="TestNG.sample12_keyword3_priority2" name="TC4" time="0.005"/>
  <system-out>
    <![CDATA[running TC4]]>
  </system-out>
  <testcase classname="TestNG.sample12_keyword3_priority2" name="TC3" time="0.002"/>
  <system-out>
    <![CDATA[running TC3]]>
  </system-out>
  <testcase classname="TestNG.sample12_keyword3_priority2" name="TC5" time="0.002"/>
  <system-out>
    <![CDATA[running TC5]]>
  </system-out>
</testsuite> <!-- TestNG.sample12_keyword3_priority2 -->
