<?xml version="1.0" encoding="UTF-8"?>
<!-- Generated by org.testng.reporters.JUnitReportReporter -->
<testsuite hostname="LAPTOP-0I64B6UJ" failures="0" tests="3" name="TestNg_Practice.sample7_keyword5_dependsOnMethods" time="0.019" errors="0" timestamp="2022-12-30T14:51:04 IST" skipped="0">
  <testcase classname="TestNg_Practice.sample7_keyword5_dependsOnMethods" name="login1" time="0.014"/>
  <system-out>
    <![CDATA[running TC login1]]>
  </system-out>
  <testcase classname="TestNg_Practice.sample7_keyword5_dependsOnMethods" name="logOut" time="0.003"/>
  <system-out>
    <![CDATA[running TC logOut]]>
  </system-out>
  <testcase classname="TestNg_Practice.sample7_keyword5_dependsOnMethods" name="login2" time="0.002"/>
  <system-out>
    <![CDATA[running TC login2]]>
  </system-out>
</testsuite> <!-- TestNg_Practice.sample7_keyword5_dependsOnMethods -->
