<?xml version="1.0" encoding="UTF-8"?>
<!-- Generated by org.testng.reporters.JUnitReportReporter -->
<testsuite hostname="LAPTOP-0I64B6UJ" failures="0" tests="1" name="TestNg_Practice.sample20_parallel" time="40.572" errors="0" timestamp="2023-01-02T21:06:34 IST" skipped="0">
  <testcase classname="TestNg_Practice.sample20_parallel" name="OpenFacebookApp" time="40.572"/>
  <system-out/>
</testsuite> <!-- TestNg_Practice.sample20_parallel -->
