<?xml version="1.0" encoding="UTF-8"?>
<!-- Generated by org.testng.reporters.JUnitReportReporter -->
<testsuite hostname="LAPTOP-0I64B6UJ" failures="0" tests="2" name="POM_DDF_TestNG_BaseClass_UtilityClass2.facebookLoginTest" time="23.125" errors="0" timestamp="2023-01-06T01:35:31 IST" skipped="0">
  <testcase classname="POM_DDF_TestNG_BaseClass_UtilityClass2.facebookLoginTest" name="verifyUserID" time="12.015"/>
  <system-out>
    <![CDATA[runnig very UserID TC]]>
  </system-out>
  <testcase classname="POM_DDF_TestNG_BaseClass_UtilityClass2.facebookLoginTest" name="verifyUserID" time="11.110"/>
  <system-out>
    <![CDATA[runnig very UserID TC]]>
  </system-out>
</testsuite> <!-- POM_DDF_TestNG_BaseClass_UtilityClass2.facebookLoginTest -->
