<?xml version="1.0" encoding="UTF-8"?>
<!-- Generated by org.testng.reporters.JUnitReportReporter -->
<testsuite hostname="LAPTOP-0I64B6UJ" failures="0" tests="2" name="TestNG.sample2_exclude" time="0.003" errors="0" timestamp="2022-12-30T01:21:27 IST" skipped="0">
  <testcase classname="TestNG.sample2_exclude" name="TC5" time="0.001"/>
  <system-out/>
  <testcase classname="TestNG.sample2_exclude" name="TC6" time="0.002"/>
  <system-out/>
</testsuite> <!-- TestNG.sample2_exclude -->
