<?xml version="1.0" encoding="UTF-8"?>
<!-- Generated by org.testng.reporters.JUnitReportReporter -->
<testsuite hostname="LAPTOP-0I64B6UJ" failures="0" tests="2" name="TestNG.sample33_parallel3" time="83.103" errors="0" timestamp="2023-01-31T23:57:24 IST" skipped="0">
  <testcase classname="TestNG.sample33_parallel3" name="AmazonApp" time="40.674"/>
  <system-out/>
  <testcase classname="TestNG.sample33_parallel3" name="AmazonApp" time="42.429"/>
  <system-out/>
</testsuite> <!-- TestNG.sample33_parallel3 -->
