<?xml version="1.0" encoding="UTF-8"?>
<!-- Generated by org.testng.reporters.JUnitReportReporter -->
<testsuite hostname="LAPTOP-0I64B6UJ" failures="0" tests="2" name="TestNg_Practice.sample12_include" time="0.019" errors="0" timestamp="2023-01-02T20:35:15 IST" skipped="0">
  <testcase classname="TestNg_Practice.sample12_include" name="Addition" time="0.016"/>
  <system-out>
    <![CDATA[sum=50]]>
  </system-out>
  <testcase classname="TestNg_Practice.sample12_include" name="Multiplication" time="0.003"/>
  <system-out>
    <![CDATA[multiplication=100]]>
  </system-out>
</testsuite> <!-- TestNg_Practice.sample12_include -->
