<?xml version="1.0" encoding="UTF-8"?>
<!-- Generated by org.testng.reporters.JUnitReportReporter -->
<testsuite hostname="LAPTOP-0I64B6UJ" failures="0" tests="3" name="TestNg_Practice.sample16_grouping" time="0.019" errors="0" timestamp="2023-01-02T20:57:32 IST" skipped="0">
  <testcase classname="TestNg_Practice.sample16_grouping" name="FirstName" time="0.013"/>
  <system-out>
    <![CDATA[Nitish]]>
  </system-out>
  <testcase classname="TestNg_Practice.sample16_grouping" name="city" time="0.003"/>
  <system-out>
    <![CDATA[Aurangabad]]>
  </system-out>
  <testcase classname="TestNg_Practice.sample16_grouping" name="LastName" time="0.003"/>
  <system-out>
    <![CDATA[Karale]]>
  </system-out>
</testsuite> <!-- TestNg_Practice.sample16_grouping -->
